<?xml version="1.0" encoding="UTF-8"?>
<!-- Generated by org.testng.reporters.JUnitReportReporter -->
<testsuite hostname="DESKTOP-D9O5KAR" failures="0" tests="1" name="com.obs.tests.CreateAndEditNewUserAccount_2" time="13.863" errors="0" timestamp="2023-08-05T18:34:31 IST" skipped="0">
  <testcase classname="com.obs.tests.CreateAndEditNewUserAccount_2" name="CreateAndEditNewUserAccount_2" time="13.863"/>
  <system-out/>
</testsuite> <!-- com.obs.tests.CreateAndEditNewUserAccount_2 -->
