<?xml version="1.0" encoding="UTF-8"?>
<!-- Generated by org.testng.reporters.JUnitReportReporter -->
<testsuite hostname="DESKTOP-D9O5KAR" failures="0" tests="1" name="com.obs.tests.CreateNewUserAccount_1" time="5.724" errors="0" timestamp="2023-08-05T18:34:31 IST" skipped="0">
  <testcase classname="com.obs.tests.CreateNewUserAccount_1" name="CreateNewUserAccount_1" time="5.724"/>
  <system-out/>
</testsuite> <!-- com.obs.tests.CreateNewUserAccount_1 -->
