<?xml version="1.0" encoding="UTF-8"?>
<!-- Generated by org.testng.reporters.JUnitReportReporter -->
<testsuite hostname="DESKTOP-D9O5KAR" failures="0" tests="1" name="com.obs.tests.VerifyTotalAccountBalance_3" time="14.832" errors="0" timestamp="2023-08-05T18:34:31 IST" skipped="0">
  <testcase classname="com.obs.tests.VerifyTotalAccountBalance_3" name="VerifyTotalAccountBalance_3" time="14.832"/>
  <system-out/>
</testsuite> <!-- com.obs.tests.VerifyTotalAccountBalance_3 -->
