<?xml version="1.0" encoding="UTF-8"?>
<!-- Generated by org.testng.reporters.JUnitReportReporter -->
<testsuite hostname="DESKTOP-D9O5KAR" failures="0" tests="1" name="com.obs.tests.VerifyTotalAccounts_4" time="10.991" errors="0" timestamp="2023-08-05T18:34:31 IST" skipped="0">
  <testcase classname="com.obs.tests.VerifyTotalAccounts_4" name="VerifyTotalAccounts_4" time="10.991"/>
  <system-out/>
</testsuite> <!-- com.obs.tests.VerifyTotalAccounts_4 -->
