<?xml version="1.0" encoding="UTF-8"?>
<!-- Generated by org.testng.reporters.JUnitReportReporter -->
<testsuite hostname="DESKTOP-D9O5KAR" failures="0" tests="1" name="com.obs.tests.CreateNewUserAccount" time="3.919" errors="0" timestamp="2023-07-22T18:23:05 IST" skipped="0">
  <testcase classname="com.obs.tests.CreateNewUserAccount" name="sadf" time="3.919"/>
  <system-out/>
</testsuite> <!-- com.obs.tests.CreateNewUserAccount -->
