<?xml version="1.0" encoding="UTF-8"?>
<!-- Generated by org.testng.reporters.JUnitReportReporter -->
<testsuite hostname="DESKTOP-D9O5KAR" failures="0" tests="1" name="com.obs.tests.CreateAndEditNewUserAccount_3" time="32.591" errors="0" timestamp="2023-08-04T13:23:55 IST" skipped="0">
  <testcase classname="com.obs.tests.CreateAndEditNewUserAccount_3" name="CreateAndEditNewUserAccount_2" time="32.591"/>
  <system-out/>
</testsuite> <!-- com.obs.tests.CreateAndEditNewUserAccount_3 -->
