<?xml version="1.0" encoding="UTF-8"?>
<!-- Generated by org.testng.reporters.JUnitReportReporter -->
<testsuite hostname="DESKTOP-D9O5KAR" failures="0" tests="1" name="com.obs.tests.LoginTest" time="8.538" errors="0" timestamp="2023-07-22T18:44:08 IST" skipped="0">
  <testcase classname="com.obs.tests.LoginTest" name="verifyLogin" time="8.538"/>
  <system-out/>
</testsuite> <!-- com.obs.tests.LoginTest -->
